  pch.cpp
D:\乱七八糟\别踩白块儿\当前版本\pch.h(23,10): warning C4067: 预处理器指令后有意外标记 - 应输入换行符
D:\乱七八糟\别踩白块儿\当前版本\pch.h(24,1): warning C4067: 预处理器指令后有意外标记 - 应输入换行符
  draw.cpp
D:\乱七八糟\别踩白块儿\当前版本\pch.h(23,10): warning C4067: 预处理器指令后有意外标记 - 应输入换行符
D:\乱七八糟\别踩白块儿\当前版本\pch.h(24,1): warning C4067: 预处理器指令后有意外标记 - 应输入换行符
D:\乱七八糟\别踩白块儿\当前版本\draw.cpp(113,45): warning C4244: “参数”: 从“const wchar_t”转换到“char”，可能丢失数据
D:\乱七八糟\别踩白块儿\当前版本\draw.cpp(331,6): warning C4101: “i”: 未引用的局部变量
  init.cpp
D:\乱七八糟\别踩白块儿\当前版本\pch.h(23,10): warning C4067: 预处理器指令后有意外标记 - 应输入换行符
D:\乱七八糟\别踩白块儿\当前版本\pch.h(24,1): warning C4067: 预处理器指令后有意外标记 - 应输入换行符
  input.cpp
D:\乱七八糟\别踩白块儿\当前版本\pch.h(23,10): warning C4067: 预处理器指令后有意外标记 - 应输入换行符
D:\乱七八糟\别踩白块儿\当前版本\pch.h(24,1): warning C4067: 预处理器指令后有意外标记 - 应输入换行符
  key.cpp
D:\乱七八糟\别踩白块儿\当前版本\pch.h(23,10): warning C4067: 预处理器指令后有意外标记 - 应输入换行符
D:\乱七八糟\别踩白块儿\当前版本\pch.h(24,1): warning C4067: 预处理器指令后有意外标记 - 应输入换行符
  music.cpp
D:\乱七八糟\别踩白块儿\当前版本\pch.h(23,10): warning C4067: 预处理器指令后有意外标记 - 应输入换行符
D:\乱七八糟\别踩白块儿\当前版本\pch.h(24,1): warning C4067: 预处理器指令后有意外标记 - 应输入换行符
  player.cpp
D:\乱七八糟\别踩白块儿\当前版本\pch.h(23,10): warning C4067: 预处理器指令后有意外标记 - 应输入换行符
D:\乱七八糟\别踩白块儿\当前版本\pch.h(24,1): warning C4067: 预处理器指令后有意外标记 - 应输入换行符
  startpage.cpp
D:\乱七八糟\别踩白块儿\当前版本\pch.h(23,10): warning C4067: 预处理器指令后有意外标记 - 应输入换行符
D:\乱七八糟\别踩白块儿\当前版本\pch.h(24,1): warning C4067: 预处理器指令后有意外标记 - 应输入换行符
  timedelay.cpp
D:\乱七八糟\别踩白块儿\当前版本\pch.h(23,10): warning C4067: 预处理器指令后有意外标记 - 应输入换行符
D:\乱七八糟\别踩白块儿\当前版本\pch.h(24,1): warning C4067: 预处理器指令后有意外标记 - 应输入换行符
  别踩白块1.0.cpp
D:\乱七八糟\别踩白块儿\当前版本\pch.h(23,10): warning C4067: 预处理器指令后有意外标记 - 应输入换行符
D:\乱七八糟\别踩白块儿\当前版本\pch.h(24,1): warning C4067: 预处理器指令后有意外标记 - 应输入换行符
  正在生成代码...
D:\乱七八糟\别踩白块儿\当前版本\startpage.cpp(103): warning C4715: “startpage1”: 不是所有的控件路径都返回值
  别踩白块1.0.vcxproj -> D:\乱七八糟\别踩白块儿\当前版本\Debug\别踩白块1.0.exe
